{"name": "test_sampleC", "status": "failed", "statusDetails": {"message": "AssertionError: first name is not equal to last name\nassert False\n +  where False = <method-wrapper '__eq__' of str object at 0x0000027C73616550>('giri')\n +    where <method-wrapper '__eq__' of str object at 0x0000027C73616550> = 'vinay'.__eq__", "trace": "@pytest.mark.smoke\n    def test_sampleC():\n        first_name=\"vinay\"\n        last_name=\"giri\"\n>       assert first_name.__eq__(last_name), \"first name is not equal to last name\"\nE       AssertionError: first name is not equal to last name\nE       assert False\nE        +  where False = <method-wrapper '__eq__' of str object at 0x0000027C73616550>('giri')\nE        +    where <method-wrapper '__eq__' of str object at 0x0000027C73616550> = 'vinay'.__eq__\n\npython\\selenium\\dr\\pytest_test_programming\\test_pytestexampleAssertion.py:26: AssertionError"}, "attachments": [{"name": "stdout", "source": "51e08433-c747-4934-82c6-67129e99c58f-attachment.txt", "type": "text/plain"}], "start": 1720110563061, "stop": 1720110563062, "uuid": "87ea59a1-adc9-427b-ae57-f5f013023d37", "historyId": "b03d64516122520233e7d491bb85c5b6", "testCaseId": "b03d64516122520233e7d491bb85c5b6", "fullName": "python.selenium.dr.pytest_test_programming.test_pytestexampleAssertion#test_sampleC", "labels": [{"name": "tag", "value": "smoke"}, {"name": "parentSuite", "value": "python.selenium.dr.pytest_test_programming"}, {"name": "suite", "value": "test_pytestexampleAssertion"}, {"name": "host", "value": "DESKTOP-UI2KGFP"}, {"name": "thread", "value": "13356-MainThread"}, {"name": "framework", "value": "pytest"}, {"name": "language", "value": "cpython3"}, {"name": "package", "value": "python.selenium.dr.pytest_test_programming.test_pytestexampleAssertion"}]}