{"name": "test_assertio", "status": "broken", "statusDetails": {"message": "selenium.common.exceptions.NoSuchElementException: Message: no such element: Unable to locate element: {\"method\":\"xpath\",\"selector\":\"//input[@placeholder='Search Latest News, Photos, Videos']\"}\n  (Session info: chrome=126.0.6478.127); For documentation on this error, please visit: https://www.selenium.dev/documentation/webdriver/troubleshooting/errors#no-such-element-exception\nStacktrace:\n\tGetHandleVerifier [0x00007FF709F2EEA2+31554]\n\t(No symbol) [0x00007FF709EA7ED9]\n\t(No symbol) [0x00007FF709D6872A]\n\t(No symbol) [0x00007FF709DB8434]\n\t(No symbol) [0x00007FF709DB853C]\n\t(No symbol) [0x00007FF709DFF6A7]\n\t(No symbol) [0x00007FF709DDD06F]\n\t(No symbol) [0x00007FF709DFC977]\n\t(No symbol) [0x00007FF709DDCDD3]\n\t(No symbol) [0x00007FF709DAA33B]\n\t(No symbol) [0x00007FF709DAAED1]\n\tGetHandleVerifier [0x00007FF70A238B1D+3217341]\n\tGetHandleVerifier [0x00007FF70A285AE3+3532675]\n\tGetHandleVerifier [0x00007FF70A27B0E0+3489152]\n\tGetHandleVerifier [0x00007FF709FDE776+750614]\n\t(No symbol) [0x00007FF709EB375F]\n\t(No symbol) [0x00007FF709EAEB14]\n\t(No symbol) [0x00007FF709EAECA2]\n\t(No symbol) [0x00007FF709E9E16F]\n\tBaseThreadInitThunk [0x00007FFD76DE7344+20]\n\tRtlUserThreadStart [0x00007FFD77DC26B1+33]", "trace": "self = <python.pytestFixturess.test_asserting.TestAssertion object at 0x0000027C73614A10>\n\n    def test_assertio(self):\n        self.driver.get(\"https://www.oneindia.com/\")\n        time.sleep(3)\n        actual_title = self.driver.title\n        expected_title = \"News, Latest News, Today's News Headlines, Breaking News, LIVE News - Oneindia\"\n        assert actual_title.__eq__(expected_title)\n        self.driver.find_element(By.XPATH, \"//div[@class='oi-header-searchblock']\").click()\n>       placeholder = self.driver.find_element(By.XPATH, \"//input[@placeholder='Search Latest News, Photos, Videos']\")\n\npython\\pytestFixturess\\test_asserting.py:16: \n_ _ _ _ _ _ _ _ _ _ _ _ _ _ _ _ _ _ _ _ _ _ _ _ _ _ _ _ _ _ _ _ _ _ _ _ _ _ _ _ _ _ _ _ _ _ _ _ _ _ _ _ _ _ _ _ _ _ _ _ _ _ _ _ _ _ _ _ _ _ _ _ _ _ _ \nC:\\Python312\\Lib\\site-packages\\selenium\\webdriver\\remote\\webdriver.py:741: in find_element\n    return self.execute(Command.FIND_ELEMENT, {\"using\": by, \"value\": value})[\"value\"]\nC:\\Python312\\Lib\\site-packages\\selenium\\webdriver\\remote\\webdriver.py:347: in execute\n    self.error_handler.check_response(response)\n_ _ _ _ _ _ _ _ _ _ _ _ _ _ _ _ _ _ _ _ _ _ _ _ _ _ _ _ _ _ _ _ _ _ _ _ _ _ _ _ _ _ _ _ _ _ _ _ _ _ _ _ _ _ _ _ _ _ _ _ _ _ _ _ _ _ _ _ _ _ _ _ _ _ _ \n\nself = <selenium.webdriver.remote.errorhandler.ErrorHandler object at 0x0000027C7365E210>\nresponse = {'status': 404, 'value': '{\"value\":{\"error\":\"no such element\",\"message\":\"no such element: Unable to locate element: {\\...07FF709E9E16F]\\\\n\\\\tBaseThreadInitThunk [0x00007FFD76DE7344+20]\\\\n\\\\tRtlUserThreadStart [0x00007FFD77DC26B1+33]\\\\n\"}}'}\n\n    def check_response(self, response: Dict[str, Any]) -> None:\n        \"\"\"Checks that a JSON response from the WebDriver does not have an\n        error.\n    \n        :Args:\n         - response - The JSON response from the WebDriver server as a dictionary\n           object.\n    \n        :Raises: If the response contains an error message.\n        \"\"\"\n        status = response.get(\"status\", None)\n        if not status or status == ErrorCode.SUCCESS:\n            return\n        value = None\n        message = response.get(\"message\", \"\")\n        screen: str = response.get(\"screen\", \"\")\n        stacktrace = None\n        if isinstance(status, int):\n            value_json = response.get(\"value\", None)\n            if value_json and isinstance(value_json, str):\n                import json\n    \n                try:\n                    value = json.loads(value_json)\n                    if len(value) == 1:\n                        value = value[\"value\"]\n                    status = value.get(\"error\", None)\n                    if not status:\n                        status = value.get(\"status\", ErrorCode.UNKNOWN_ERROR)\n                        message = value.get(\"value\") or value.get(\"message\")\n                        if not isinstance(message, str):\n                            value = message\n                            message = message.get(\"message\")\n                    else:\n                        message = value.get(\"message\", None)\n                except ValueError:\n                    pass\n    \n        exception_class: Type[WebDriverException]\n        e = ErrorCode()\n        error_codes = [item for item in dir(e) if not item.startswith(\"__\")]\n        for error_code in error_codes:\n            error_info = getattr(ErrorCode, error_code)\n            if isinstance(error_info, list) and status in error_info:\n                exception_class = getattr(ExceptionMapping, error_code, WebDriverException)\n                break\n        else:\n            exception_class = WebDriverException\n    \n        if not value:\n            value = response[\"value\"]\n        if isinstance(value, str):\n            raise exception_class(value)\n        if message == \"\" and \"message\" in value:\n            message = value[\"message\"]\n    \n        screen = None  # type: ignore[assignment]\n        if \"screen\" in value:\n            screen = value[\"screen\"]\n    \n        stacktrace = None\n        st_value = value.get(\"stackTrace\") or value.get(\"stacktrace\")\n        if st_value:\n            if isinstance(st_value, str):\n                stacktrace = st_value.split(\"\\n\")\n            else:\n                stacktrace = []\n                try:\n                    for frame in st_value:\n                        line = frame.get(\"lineNumber\", \"\")\n                        file = frame.get(\"fileName\", \"<anonymous>\")\n                        if line:\n                            file = f\"{file}:{line}\"\n                        meth = frame.get(\"methodName\", \"<anonymous>\")\n                        if \"className\" in frame:\n                            meth = f\"{frame['className']}.{meth}\"\n                        msg = \"    at %s (%s)\"\n                        msg = msg % (meth, file)\n                        stacktrace.append(msg)\n                except TypeError:\n                    pass\n        if exception_class == UnexpectedAlertPresentException:\n            alert_text = None\n            if \"data\" in value:\n                alert_text = value[\"data\"].get(\"text\")\n            elif \"alert\" in value:\n                alert_text = value[\"alert\"].get(\"text\")\n            raise exception_class(message, screen, stacktrace, alert_text)  # type: ignore[call-arg]  # mypy is not smart enough here\n>       raise exception_class(message, screen, stacktrace)\nE       selenium.common.exceptions.NoSuchElementException: Message: no such element: Unable to locate element: {\"method\":\"xpath\",\"selector\":\"//input[@placeholder='Search Latest News, Photos, Videos']\"}\nE         (Session info: chrome=126.0.6478.127); For documentation on this error, please visit: https://www.selenium.dev/documentation/webdriver/troubleshooting/errors#no-such-element-exception\nE       Stacktrace:\nE       \tGetHandleVerifier [0x00007FF709F2EEA2+31554]\nE       \t(No symbol) [0x00007FF709EA7ED9]\nE       \t(No symbol) [0x00007FF709D6872A]\nE       \t(No symbol) [0x00007FF709DB8434]\nE       \t(No symbol) [0x00007FF709DB853C]\nE       \t(No symbol) [0x00007FF709DFF6A7]\nE       \t(No symbol) [0x00007FF709DDD06F]\nE       \t(No symbol) [0x00007FF709DFC977]\nE       \t(No symbol) [0x00007FF709DDCDD3]\nE       \t(No symbol) [0x00007FF709DAA33B]\nE       \t(No symbol) [0x00007FF709DAAED1]\nE       \tGetHandleVerifier [0x00007FF70A238B1D+3217341]\nE       \tGetHandleVerifier [0x00007FF70A285AE3+3532675]\nE       \tGetHandleVerifier [0x00007FF70A27B0E0+3489152]\nE       \tGetHandleVerifier [0x00007FF709FDE776+750614]\nE       \t(No symbol) [0x00007FF709EB375F]\nE       \t(No symbol) [0x00007FF709EAEB14]\nE       \t(No symbol) [0x00007FF709EAECA2]\nE       \t(No symbol) [0x00007FF709E9E16F]\nE       \tBaseThreadInitThunk [0x00007FFD76DE7344+20]\nE       \tRtlUserThreadStart [0x00007FFD77DC26B1+33]\n\nC:\\Python312\\Lib\\site-packages\\selenium\\webdriver\\remote\\errorhandler.py:229: NoSuchElementException"}, "start": 1720110515570, "stop": 1720110521237, "uuid": "be6acf72-ac8f-4beb-b3c5-70cbe6578b97", "historyId": "517094512b89ed1835586d22674a3e4e", "testCaseId": "517094512b89ed1835586d22674a3e4e", "fullName": "python.pytestFixturess.test_asserting.TestAssertion#test_assertio", "labels": [{"name": "tag", "value": "@pytest.mark.usefixtures('setup_teardown')"}, {"name": "parentSuite", "value": "python.pytestFixturess"}, {"name": "suite", "value": "test_asserting"}, {"name": "subSuite", "value": "TestAssertion"}, {"name": "host", "value": "DESKTOP-UI2KGFP"}, {"name": "thread", "value": "13356-MainThread"}, {"name": "framework", "value": "pytest"}, {"name": "language", "value": "cpython3"}, {"name": "package", "value": "python.pytestFixturess.test_asserting"}]}